<?xml version="1.0" encoding="UTF-8"?>
<!-- Generated by org.testng.reporters.JUnitXMLReporter -->
<testsuite ignored="8" hostname="DESKTOP-56PO596" failures="0" tests="2" name="Default test" time="4.418" errors="0" timestamp="2024-05-30T21:21:13 IST">
  <testcase classname="SuperAdmin.Cylinder_CRUD" name="superAdminLoginTest" time="3.968"/>
  <testcase classname="SuperAdmin.Cylinder_CRUD" name="createCylinderSizeTest" time="0.324"/>
  <testcase classname="SuperAdmin.Cylinder_CRUD" name="getCylinderById" time="0.0">
    <ignored/>
  </testcase> <!-- getCylinderById -->
  <testcase classname="SuperAdmin.Cylinder_CRUD" name="updateCylinderGasById" time="0.0">
    <ignored/>
  </testcase> <!-- updateCylinderGasById -->
  <testcase classname="SuperAdmin.Cylinder_CRUD" name="createCylinderSizeTestwithToken" time="0.0">
    <ignored/>
  </testcase> <!-- createCylinderSizeTestwithToken -->
  <testcase classname="SuperAdmin.Cylinder_CRUD" name="getCylinderGasById" time="0.0">
    <ignored/>
  </testcase> <!-- getCylinderGasById -->
  <testcase classname="SuperAdmin.Cylinder_CRUD" name="getAllCylinderGas" time="0.0">
    <ignored/>
  </testcase> <!-- getAllCylinderGas -->
  <testcase classname="SuperAdmin.Cylinder_CRUD" name="createCylinderGasTest" time="0.0">
    <ignored/>
  </testcase> <!-- createCylinderGasTest -->
  <testcase classname="SuperAdmin.Cylinder_CRUD" name="getAllCylinder" time="0.0">
    <ignored/>
  </testcase> <!-- getAllCylinder -->
  <testcase classname="SuperAdmin.Cylinder_CRUD" name="updateCylinderById" time="0.0">
    <ignored/>
  </testcase> <!-- updateCylinderById -->
</testsuite> <!-- Default test -->
