<?xml version="1.0" encoding="UTF-8"?>
<!-- Generated by org.testng.reporters.JUnitXMLReporter -->
<testsuite ignored="1" hostname="DESKTOP-56PO596" failures="0" tests="49" name="Test" time="21.703" errors="0" timestamp="2024-05-30T21:22:18 IST">
  <testcase classname="SuperAdmin.Cylinder_CRUD" name="superAdminLoginTest" time="4.288"/>
  <testcase classname="SuperAdmin.Cylinder_CRUD" name="createCylinderSizeTestwithToken" time="0.569"/>
  <testcase classname="SuperAdmin.Cylinder_CRUD" name="createCylinderSizeTest" time="0.256"/>
  <testcase classname="SuperAdmin.Cylinder_CRUD" name="getAllCylinder" time="0.215"/>
  <testcase classname="SuperAdmin.Cylinder_CRUD" name="getCylinderById" time="0.081"/>
  <testcase classname="SuperAdmin.Cylinder_CRUD" name="updateCylinderById" time="0.179"/>
  <testcase classname="SuperAdmin.Cylinder_CRUD" name="createCylinderGasTest" time="0.716"/>
  <testcase classname="SuperAdmin.Cylinder_CRUD" name="getAllCylinderGas" time="0.183"/>
  <testcase classname="SuperAdmin.Cylinder_CRUD" name="getCylinderGasById" time="0.174"/>
  <testcase classname="SuperAdmin.Cylinder_CRUD" name="updateCylinderGasById" time="0.345"/>
  <testcase classname="SuperAdmin.Distributor_Admin_Crud" name="superAdminLoginTest" time="0.469"/>
  <testcase classname="SuperAdmin.Distributor_Admin_Crud" name="createDistributorAdminTest" time="1.372"/>
  <testcase classname="SuperAdmin.Distributor_Admin_Crud" name="getAlldistributorAdmins" time="0.284"/>
  <testcase classname="SuperAdmin.Distributor_Admin_Crud" name="getDistributorAdminById" time="0.147"/>
  <testcase classname="SuperAdmin.Distributor_Admin_Crud" name="updateDistributorAdminById" time="0.71"/>
  <testcase classname="SuperAdmin.Distributor_Admin_Crud" name="DeleteDistributorAdminById" time="0.231"/>
  <testcase classname="DistributedAdmin.Create_company_CRUD" name="distributorAdminLoginTest" time="0.433"/>
  <testcase classname="DistributedAdmin.Create_company_CRUD" name="getCompanyLocations" time="0.232"/>
  <testcase classname="DistributedAdmin.Create_company_CRUD" name="createCompanyLocationTest" time="0.129"/>
  <testcase classname="DistributedAdmin.Create_company_CRUD" name="getCompanyLocationsById" time="0.113"/>
  <testcase classname="DistributedAdmin.Create_company_CRUD" name="updateCompanyLocationByIdTest" time="0.174"/>
  <testcase classname="DistributedAdmin.Create_Cylinder_CRUD" name="distributorAdminLoginTest" time="0.428"/>
  <testcase classname="DistributedAdmin.Create_Cylinder_CRUD" name="getCompanyCylinder" time="0.21"/>
  <testcase classname="DistributedAdmin.Create_Cylinder_CRUD" name="getCompanyCylinderById" time="0.119"/>
  <testcase classname="DistributedAdmin.Create_Cylinder_CRUD" name="createCompanyCylinderTest" time="0.341"/>
  <testcase classname="DistributedAdmin.Create_Cylinder_CRUD" name="updateCompanyLocationByIdTest" time="0.396"/>
  <testcase classname="DistributedAdmin.Create_Cylinder_CRUD" name="DeleteDistributorUserById" time="0.211"/>
  <testcase classname="DistributedAdmin.Distributor_User_CRUD" name="distributorAdminLoginTest" time="0.445"/>
  <testcase classname="DistributedAdmin.Distributor_User_CRUD" name="createDistributorUserTest" time="0.644"/>
  <testcase classname="DistributedAdmin.Distributor_User_CRUD" name="getDistributorUserById" time="0.148"/>
  <testcase classname="DistributedAdmin.Distributor_User_CRUD" name="updateDistributorUserTest" time="1.137"/>
  <testcase classname="DistributedAdmin.Distributor_User_CRUD" name="DeleteDistributorUserById" time="0.26"/>
  <testcase classname="DistributorUser.DistributorUserAccess" name="distributorUserLoginTest" time="0.438"/>
  <testcase classname="DistributorUser.DistributorUserAccess" name="getAllCylinderSize" time="0.177"/>
  <testcase classname="DistributorUser.DistributorUserAccess" name="getCylinderSizeById" time="0.166"/>
  <testcase classname="DistributorUser.DistributorUserAccess" name="getAllCylinderGas" time="0.168"/>
  <testcase classname="DistributorUser.DistributorUserAccess" name="getCylinderGasById" time="0.184"/>
  <testcase classname="DistributorUser.DistributorUserAccess" name="getCompanyCylinder" time="0.179"/>
  <testcase classname="DistributorUser.DistributorUserAccess" name="getCompanyCylinderById" time="0.154"/>
  <testcase classname="DistributedAdmin.Customers_CRUD" name="distributorAdminLoginTest" time="0.426"/>
  <testcase classname="DistributedAdmin.Customers_CRUD" name="createCompanyLocationTest" time="0.615"/>
  <testcase classname="DistributedAdmin.Customers_CRUD" name="updateCompanyLocationTest" time="0.345"/>
  <testcase classname="DistributedAdmin.Maintainer_Crud" name="distributorAdminLoginTest" time="0.498"/>
  <testcase classname="DistributedAdmin.Maintainer_Crud" name="createCompanyLocationTest" time="0.641"/>
  <testcase classname="DistributedAdmin.Maintainer_Crud" name="getCompanyLocationTest" time="0.181"/>
  <testcase classname="DistributedAdmin.Maintainer_Crud" name="updateCompanyLocationTest" time="0.339"/>
  <testcase classname="DistributedAdmin.Refiller_Crud" name="distributorAdminLoginTest" time="0.459"/>
  <testcase classname="DistributedAdmin.Refiller_Crud" name="createCompanyLocationTest" time="0.622"/>
  <testcase classname="DistributedAdmin.Refiller_Crud" name="getCompanyLocationTest" time="0.174"/>
  <testcase classname="DistributedAdmin.Create_company_CRUD" name="DeleteDistributorUserById" time="0.0">
    <ignored/>
  </testcase> <!-- DeleteDistributorUserById -->
</testsuite> <!-- Test -->
